# JRE version: OpenJDK Runtime Environment (8.0_212-b04) (build 1.8.0_212-release-1586-b04)
# Java VM: OpenJDK 64-Bit Server VM (25.212-b04 mixed mode windows-amd64 compressed oops)
Heap:
 PSYoungGen      total 207872K, used 58100K [0x000000076ab00000, 0x0000000779900000, 0x00000007c0000000)
  eden space 196096K, 23% used [0x000000076ab00000,0x000000076d888db8,0x0000000776a80000)
  from space 11776K, 97% used [0x0000000778d80000,0x00000007798b42c8,0x0000000779900000)
  to   space 14336K, 0% used [0x0000000777d00000,0x0000000777d00000,0x0000000778b00000)
 ParOldGen       total 74240K, used 18124K [0x00000006c0000000, 0x00000006c4880000, 0x000000076ab00000)
  object space 74240K, 24% used [0x00000006c0000000,0x00000006c11b3238,0x00000006c4880000)
 Metaspace       used 46214K, capacity 47424K, committed 47488K, reserved 1089536K
  class space    used 6151K, capacity 6465K, committed 6528K, reserved 1048576K
GC Heap History (10 events):
Event: 13.616 GC heap before
{Heap before GC invocations=6 (full 1):
 PSYoungGen      total 68608K, used 5097K [0x000000076ab00000, 0x0000000773f00000, 0x00000007c0000000)
  eden space 63488K, 0% used [0x000000076ab00000,0x000000076ab00000,0x000000076e900000)
  from space 5120K, 99% used [0x000000076e900000,0x000000076edfa640,0x000000076ee00000)
  to   space 12288K, 0% used [0x0000000773300000,0x0000000773300000,0x0000000773f00000)
 ParOldGen       total 84992K, used 12410K [0x00000006c0000000, 0x00000006c5300000, 0x000000076ab00000)
  object space 84992K, 14% used [0x00000006c0000000,0x00000006c0c1e9e8,0x00000006c5300000)
 Metaspace       used 20732K, capacity 21224K, committed 21296K, reserved 1067008K
  class space    used 2988K, capacity 3141K, committed 3200K, reserved 1048576K
Event: 13.644 GC heap after
Heap after GC invocations=6 (full 1):
 PSYoungGen      total 68608K, used 0K [0x000000076ab00000, 0x0000000773f00000, 0x00000007c0000000)
  eden space 63488K, 0% used [0x000000076ab00000,0x000000076ab00000,0x000000076e900000)
  from space 5120K, 0% used [0x000000076e900000,0x000000076e900000,0x000000076ee00000)
  to   space 12288K, 0% used [0x0000000773300000,0x0000000773300000,0x0000000773f00000)
 ParOldGen       total 51712K, used 8823K [0x00000006c0000000, 0x00000006c3280000, 0x000000076ab00000)
  object space 51712K, 17% used [0x00000006c0000000,0x00000006c089ddb8,0x00000006c3280000)
 Metaspace       used 20732K, capacity 21224K, committed 21296K, reserved 1067008K
  class space    used 2988K, capacity 3141K, committed 3200K, reserved 1048576K
}
Event: 14.271 GC heap before
{Heap before GC invocations=7 (full 1):
 PSYoungGen      total 68608K, used 63488K [0x000000076ab00000, 0x0000000773f00000, 0x00000007c0000000)
  eden space 63488K, 100% used [0x000000076ab00000,0x000000076e900000,0x000000076e900000)
  from space 5120K, 0% used [0x000000076e900000,0x000000076e900000,0x000000076ee00000)
  to   space 12288K, 0% used [0x0000000773300000,0x0000000773300000,0x0000000773f00000)
 ParOldGen       total 51712K, used 8823K [0x00000006c0000000, 0x00000006c3280000, 0x000000076ab00000)
  object space 51712K, 17% used [0x00000006c0000000,0x00000006c089ddb8,0x00000006c3280000)
 Metaspace       used 28356K, capacity 28906K, committed 29184K, reserved 1075200K
  class space    used 3858K, capacity 4014K, committed 4096K, reserved 1048576K
Event: 14.278 GC heap after
Heap after GC invocations=7 (full 1):
 PSYoungGen      total 126464K, used 7492K [0x000000076ab00000, 0x0000000773a80000, 0x00000007c0000000)
  eden space 118784K, 0% used [0x000000076ab00000,0x000000076ab00000,0x0000000771f00000)
  from space 7680K, 97% used [0x0000000773300000,0x0000000773a51020,0x0000000773a80000)
  to   space 11776K, 0% used [0x0000000772380000,0x0000000772380000,0x0000000772f00000)
 ParOldGen       total 51712K, used 8831K [0x00000006c0000000, 0x00000006c3280000, 0x000000076ab00000)
  object space 51712K, 17% used [0x00000006c0000000,0x00000006c089fdb8,0x00000006c3280000)
 Metaspace       used 28356K, capacity 28906K, committed 29184K, reserved 1075200K
  class space    used 3858K, capacity 4014K, committed 4096K, reserved 1048576K
}
Event: 22.402 GC heap before
{Heap before GC invocations=8 (full 1):
 PSYoungGen      total 126464K, used 88154K [0x000000076ab00000, 0x0000000773a80000, 0x00000007c0000000)
  eden space 118784K, 67% used [0x000000076ab00000,0x000000076f9c58d0,0x0000000771f00000)
  from space 7680K, 97% used [0x0000000773300000,0x0000000773a51020,0x0000000773a80000)
  to   space 11776K, 0% used [0x0000000772380000,0x0000000772380000,0x0000000772f00000)
 ParOldGen       total 51712K, used 8831K [0x00000006c0000000, 0x00000006c3280000, 0x000000076ab00000)
  object space 51712K, 17% used [0x00000006c0000000,0x00000006c089fdb8,0x00000006c3280000)
 Metaspace       used 34613K, capacity 35410K, committed 35496K, reserved 1079296K
  class space    used 4558K, capacity 4780K, committed 4864K, reserved 1048576K
Event: 22.418 GC heap after
Heap after GC invocations=8 (full 1):
 PSYoungGen      total 135168K, used 11338K [0x000000076ab00000, 0x0000000779a80000, 0x00000007c0000000)
  eden space 123392K, 0% used [0x000000076ab00000,0x000000076ab00000,0x0000000772380000)
  from space 11776K, 96% used [0x0000000772380000,0x0000000772e92a00,0x0000000772f00000)
  to   space 13312K, 0% used [0x0000000778d80000,0x0000000778d80000,0x0000000779a80000)
 ParOldGen       total 51712K, used 8839K [0x00000006c0000000, 0x00000006c3280000, 0x000000076ab00000)
  object space 51712K, 17% used [0x00000006c0000000,0x00000006c08a1db8,0x00000006c3280000)
 Metaspace       used 34613K, capacity 35410K, committed 35496K, reserved 1079296K
  class space    used 4558K, capacity 4780K, committed 4864K, reserved 1048576K
}
Event: 22.418 GC heap before
{Heap before GC invocations=9 (full 2):
 PSYoungGen      total 135168K, used 11338K [0x000000076ab00000, 0x0000000779a80000, 0x00000007c0000000)
  eden space 123392K, 0% used [0x000000076ab00000,0x000000076ab00000,0x0000000772380000)
  from space 11776K, 96% used [0x0000000772380000,0x0000000772e92a00,0x0000000772f00000)
  to   space 13312K, 0% used [0x0000000778d80000,0x0000000778d80000,0x0000000779a80000)
 ParOldGen       total 51712K, used 8839K [0x00000006c0000000, 0x00000006c3280000, 0x000000076ab00000)
  object space 51712K, 17% used [0x00000006c0000000,0x00000006c08a1db8,0x00000006c3280000)
 Metaspace       used 34613K, capacity 35410K, committed 35496K, reserved 1079296K
  class space    used 4558K, capacity 4780K, committed 4864K, reserved 1048576K
Event: 22.513 GC heap after
Heap after GC invocations=9 (full 2):
 PSYoungGen      total 135168K, used 0K [0x000000076ab00000, 0x0000000779a80000, 0x00000007c0000000)
  eden space 123392K, 0% used [0x000000076ab00000,0x000000076ab00000,0x0000000772380000)
  from space 11776K, 0% used [0x0000000772380000,0x0000000772380000,0x0000000772f00000)
  to   space 13312K, 0% used [0x0000000778d80000,0x0000000778d80000,0x0000000779a80000)
 ParOldGen       total 74240K, used 18116K [0x00000006c0000000, 0x00000006c4880000, 0x000000076ab00000)
  object space 74240K, 24% used [0x00000006c0000000,0x00000006c11b1238,0x00000006c4880000)
 Metaspace       used 34601K, capacity 35394K, committed 35496K, reserved 1079296K
  class space    used 4554K, capacity 4776K, committed 4864K, reserved 1048576K
}
Event: 24.905 GC heap before
{Heap before GC invocations=10 (full 2):
 PSYoungGen      total 135168K, used 123392K [0x000000076ab00000, 0x0000000779a80000, 0x00000007c0000000)
  eden space 123392K, 100% used [0x000000076ab00000,0x0000000772380000,0x0000000772380000)
  from space 11776K, 0% used [0x0000000772380000,0x0000000772380000,0x0000000772f00000)
  to   space 13312K, 0% used [0x0000000778d80000,0x0000000778d80000,0x0000000779a80000)
 ParOldGen       total 74240K, used 18116K [0x00000006c0000000, 0x00000006c4880000, 0x000000076ab00000)
  object space 74240K, 24% used [0x00000006c0000000,0x00000006c11b1238,0x00000006c4880000)
 Metaspace       used 41998K, capacity 43162K, committed 43392K, reserved 1087488K
  class space    used 5639K, capacity 5934K, committed 6016K, reserved 1048576K
Event: 24.916 GC heap after
Heap after GC invocations=10 (full 2):
 PSYoungGen      total 207872K, used 11472K [0x000000076ab00000, 0x0000000779900000, 0x00000007c0000000)
  eden space 196096K, 0% used [0x000000076ab00000,0x000000076ab00000,0x0000000776a80000)
  from space 11776K, 97% used [0x0000000778d80000,0x00000007798b42c8,0x0000000779900000)
  to   space 14336K, 0% used [0x0000000777d00000,0x0000000777d00000,0x0000000778b00000)
 ParOldGen       total 74240K, used 18124K [0x00000006c0000000, 0x00000006c4880000, 0x000000076ab00000)
  object space 74240K, 24% used [0x00000006c0000000,0x00000006c11b3238,0x00000006c4880000)
 Metaspace       used 41998K, capacity 43162K, committed 43392K, reserved 1087488K
  class space    used 5639K, capacity 5934K, committed 6016K, reserved 1048576K
}

