# JRE version: OpenJDK Runtime Environment (8.0_212-b04) (build 1.8.0_212-release-1586-b04)
# Java VM: OpenJDK 64-Bit Server VM (25.212-b04 mixed mode windows-amd64 compressed oops)
Heap:
 PSYoungGen      total 127488K, used 67155K [0x00000000e0000000, 0x00000000e8d00000, 0x0000000100000000)
  eden space 118784K, 49% used [0x00000000e0000000,0x00000000e398ac80,0x00000000e7400000)
  from space 8704K, 94% used [0x00000000e8480000,0x00000000e8c8a278,0x00000000e8d00000)
  to   space 11264K, 0% used [0x00000000e7700000,0x00000000e7700000,0x00000000e8200000)
 ParOldGen       total 47104K, used 7812K [0x00000000a0000000, 0x00000000a2e00000, 0x00000000e0000000)
  object space 47104K, 16% used [0x00000000a0000000,0x00000000a07a1308,0x00000000a2e00000)
 Metaspace       used 31752K, capacity 32344K, committed 32512K, reserved 1077248K
  class space    used 4350K, capacity 4563K, committed 4608K, reserved 1048576K
GC Heap History (10 events):
Event: 5.745 GC heap before
{Heap before GC invocations=5 (full 0):
 PSYoungGen      total 36864K, used 36857K [0x00000000e0000000, 0x00000000e2900000, 0x0000000100000000)
  eden space 31744K, 100% used [0x00000000e0000000,0x00000000e1f00000,0x00000000e1f00000)
  from space 5120K, 99% used [0x00000000e2400000,0x00000000e28fe640,0x00000000e2900000)
  to   space 5120K, 0% used [0x00000000e1f00000,0x00000000e1f00000,0x00000000e2400000)
 ParOldGen       total 84992K, used 4109K [0x00000000a0000000, 0x00000000a5300000, 0x00000000e0000000)
  object space 84992K, 4% used [0x00000000a0000000,0x00000000a04034e8,0x00000000a5300000)
 Metaspace       used 17170K, capacity 17626K, committed 17792K, reserved 1064960K
  class space    used 2449K, capacity 2599K, committed 2688K, reserved 1048576K
Event: 5.752 GC heap after
Heap after GC invocations=5 (full 0):
 PSYoungGen      total 36864K, used 5097K [0x00000000e0000000, 0x00000000e5200000, 0x0000000100000000)
  eden space 31744K, 0% used [0x00000000e0000000,0x00000000e0000000,0x00000000e1f00000)
  from space 5120K, 99% used [0x00000000e1f00000,0x00000000e23fa650,0x00000000e2400000)
  to   space 10240K, 0% used [0x00000000e4800000,0x00000000e4800000,0x00000000e5200000)
 ParOldGen       total 84992K, used 7324K [0x00000000a0000000, 0x00000000a5300000, 0x00000000e0000000)
  object space 84992K, 8% used [0x00000000a0000000,0x00000000a07270f0,0x00000000a5300000)
 Metaspace       used 17170K, capacity 17626K, committed 17792K, reserved 1064960K
  class space    used 2449K, capacity 2599K, committed 2688K, reserved 1048576K
}
Event: 6.139 GC heap before
{Heap before GC invocations=6 (full 0):
 PSYoungGen      total 36864K, used 36841K [0x00000000e0000000, 0x00000000e5200000, 0x0000000100000000)
  eden space 31744K, 100% used [0x00000000e0000000,0x00000000e1f00000,0x00000000e1f00000)
  from space 5120K, 99% used [0x00000000e1f00000,0x00000000e23fa650,0x00000000e2400000)
  to   space 10240K, 0% used [0x00000000e4800000,0x00000000e4800000,0x00000000e5200000)
 ParOldGen       total 84992K, used 7324K [0x00000000a0000000, 0x00000000a5300000, 0x00000000e0000000)
  object space 84992K, 8% used [0x00000000a0000000,0x00000000a07270f0,0x00000000a5300000)
 Metaspace       used 20214K, capacity 20766K, committed 21120K, reserved 1067008K
  class space    used 2923K, capacity 3101K, committed 3200K, reserved 1048576K
Event: 6.145 GC heap after
Heap after GC invocations=6 (full 0):
 PSYoungGen      total 72704K, used 8822K [0x00000000e0000000, 0x00000000e5400000, 0x0000000100000000)
  eden space 62464K, 0% used [0x00000000e0000000,0x00000000e0000000,0x00000000e3d00000)
  from space 10240K, 86% used [0x00000000e4800000,0x00000000e509dae8,0x00000000e5200000)
  to   space 11264K, 0% used [0x00000000e3d00000,0x00000000e3d00000,0x00000000e4800000)
 ParOldGen       total 84992K, used 7332K [0x00000000a0000000, 0x00000000a5300000, 0x00000000e0000000)
  object space 84992K, 8% used [0x00000000a0000000,0x00000000a07290f0,0x00000000a5300000)
 Metaspace       used 20214K, capacity 20766K, committed 21120K, reserved 1067008K
  class space    used 2923K, capacity 3101K, committed 3200K, reserved 1048576K
}
Event: 6.178 GC heap before
{Heap before GC invocations=7 (full 0):
 PSYoungGen      total 72704K, used 12004K [0x00000000e0000000, 0x00000000e5400000, 0x0000000100000000)
  eden space 62464K, 5% used [0x00000000e0000000,0x00000000e031b860,0x00000000e3d00000)
  from space 10240K, 86% used [0x00000000e4800000,0x00000000e509dae8,0x00000000e5200000)
  to   space 11264K, 0% used [0x00000000e3d00000,0x00000000e3d00000,0x00000000e4800000)
 ParOldGen       total 84992K, used 7332K [0x00000000a0000000, 0x00000000a5300000, 0x00000000e0000000)
  object space 84992K, 8% used [0x00000000a0000000,0x00000000a07290f0,0x00000000a5300000)
 Metaspace       used 20719K, capacity 21214K, committed 21296K, reserved 1067008K
  class space    used 2984K, capacity 3165K, committed 3200K, reserved 1048576K
Event: 6.184 GC heap after
Heap after GC invocations=7 (full 0):
 PSYoungGen      total 73728K, used 4753K [0x00000000e0000000, 0x00000000e8f00000, 0x0000000100000000)
  eden space 62464K, 0% used [0x00000000e0000000,0x00000000e0000000,0x00000000e3d00000)
  from space 11264K, 42% used [0x00000000e3d00000,0x00000000e41a4690,0x00000000e4800000)
  to   space 10752K, 0% used [0x00000000e8480000,0x00000000e8480000,0x00000000e8f00000)
 ParOldGen       total 84992K, used 9581K [0x00000000a0000000, 0x00000000a5300000, 0x00000000e0000000)
  object space 84992K, 11% used [0x00000000a0000000,0x00000000a095b770,0x00000000a5300000)
 Metaspace       used 20719K, capacity 21214K, committed 21296K, reserved 1067008K
  class space    used 2984K, capacity 3165K, committed 3200K, reserved 1048576K
}
Event: 6.185 GC heap before
{Heap before GC invocations=8 (full 1):
 PSYoungGen      total 73728K, used 4753K [0x00000000e0000000, 0x00000000e8f00000, 0x0000000100000000)
  eden space 62464K, 0% used [0x00000000e0000000,0x00000000e0000000,0x00000000e3d00000)
  from space 11264K, 42% used [0x00000000e3d00000,0x00000000e41a4690,0x00000000e4800000)
  to   space 10752K, 0% used [0x00000000e8480000,0x00000000e8480000,0x00000000e8f00000)
 ParOldGen       total 84992K, used 9581K [0x00000000a0000000, 0x00000000a5300000, 0x00000000e0000000)
  object space 84992K, 11% used [0x00000000a0000000,0x00000000a095b770,0x00000000a5300000)
 Metaspace       used 20719K, capacity 21214K, committed 21296K, reserved 1067008K
  class space    used 2984K, capacity 3165K, committed 3200K, reserved 1048576K
Event: 6.212 GC heap after
Heap after GC invocations=8 (full 1):
 PSYoungGen      total 73728K, used 0K [0x00000000e0000000, 0x00000000e8f00000, 0x0000000100000000)
  eden space 62464K, 0% used [0x00000000e0000000,0x00000000e0000000,0x00000000e3d00000)
  from space 11264K, 0% used [0x00000000e3d00000,0x00000000e3d00000,0x00000000e4800000)
  to   space 10752K, 0% used [0x00000000e8480000,0x00000000e8480000,0x00000000e8f00000)
 ParOldGen       total 47104K, used 7804K [0x00000000a0000000, 0x00000000a2e00000, 0x00000000e0000000)
  object space 47104K, 16% used [0x00000000a0000000,0x00000000a079f308,0x00000000a2e00000)
 Metaspace       used 20719K, capacity 21214K, committed 21296K, reserved 1067008K
  class space    used 2984K, capacity 3165K, committed 3200K, reserved 1048576K
}
Event: 7.036 GC heap before
{Heap before GC invocations=9 (full 1):
 PSYoungGen      total 73728K, used 62292K [0x00000000e0000000, 0x00000000e8f00000, 0x0000000100000000)
  eden space 62464K, 99% used [0x00000000e0000000,0x00000000e3cd5010,0x00000000e3d00000)
  from space 11264K, 0% used [0x00000000e3d00000,0x00000000e3d00000,0x00000000e4800000)
  to   space 10752K, 0% used [0x00000000e8480000,0x00000000e8480000,0x00000000e8f00000)
 ParOldGen       total 47104K, used 7804K [0x00000000a0000000, 0x00000000a2e00000, 0x00000000e0000000)
  object space 47104K, 16% used [0x00000000a0000000,0x00000000a079f308,0x00000000a2e00000)
 Metaspace       used 28632K, capacity 29268K, committed 29568K, reserved 1075200K
  class space    used 3925K, capacity 4135K, committed 4224K, reserved 1048576K
Event: 7.043 GC heap after
Heap after GC invocations=9 (full 1):
 PSYoungGen      total 127488K, used 8232K [0x00000000e0000000, 0x00000000e8d00000, 0x0000000100000000)
  eden space 118784K, 0% used [0x00000000e0000000,0x00000000e0000000,0x00000000e7400000)
  from space 8704K, 94% used [0x00000000e8480000,0x00000000e8c8a278,0x00000000e8d00000)
  to   space 11264K, 0% used [0x00000000e7700000,0x00000000e7700000,0x00000000e8200000)
 ParOldGen       total 47104K, used 7812K [0x00000000a0000000, 0x00000000a2e00000, 0x00000000e0000000)
  object space 47104K, 16% used [0x00000000a0000000,0x00000000a07a1308,0x00000000a2e00000)
 Metaspace       used 28632K, capacity 29268K, committed 29568K, reserved 1075200K
  class space    used 3925K, capacity 4135K, committed 4224K, reserved 1048576K
}

