# JRE version: OpenJDK Runtime Environment (8.0_212-b04) (build 1.8.0_212-release-1586-b04)
# Java VM: OpenJDK 64-Bit Server VM (25.212-b04 mixed mode windows-amd64 compressed oops)
Heap:
 PSYoungGen      total 177152K, used 60825K [0x00000000e0000000, 0x00000000eed80000, 0x0000000100000000)
  eden space 164352K, 29% used [0x00000000e0000000,0x00000000e2eea0a8,0x00000000ea080000)
  from space 12800K, 99% used [0x00000000ea080000,0x00000000eacfc3f8,0x00000000ead00000)
  to   space 16896K, 0% used [0x00000000edd00000,0x00000000edd00000,0x00000000eed80000)
 ParOldGen       total 79360K, used 23876K [0x00000000a0000000, 0x00000000a4d80000, 0x00000000e0000000)
  object space 79360K, 30% used [0x00000000a0000000,0x00000000a1751098,0x00000000a4d80000)
 Metaspace       used 53304K, capacity 55064K, committed 55208K, reserved 1097728K
  class space    used 7075K, capacity 7486K, committed 7592K, reserved 1048576K
GC Heap History (10 events):
Event: 7.742 GC heap before
{Heap before GC invocations=9 (full 1):
 PSYoungGen      total 73728K, used 62464K [0x00000000e0000000, 0x00000000e8f00000, 0x0000000100000000)
  eden space 62464K, 100% used [0x00000000e0000000,0x00000000e3d00000,0x00000000e3d00000)
  from space 11264K, 0% used [0x00000000e3d00000,0x00000000e3d00000,0x00000000e4800000)
  to   space 10752K, 0% used [0x00000000e8480000,0x00000000e8480000,0x00000000e8f00000)
 ParOldGen       total 51200K, used 8541K [0x00000000a0000000, 0x00000000a3200000, 0x00000000e0000000)
  object space 51200K, 16% used [0x00000000a0000000,0x00000000a08575d0,0x00000000a3200000)
 Metaspace       used 28163K, capacity 28804K, committed 28928K, reserved 1075200K
  class space    used 3840K, capacity 4045K, committed 4096K, reserved 1048576K
Event: 7.749 GC heap after
Heap after GC invocations=9 (full 1):
 PSYoungGen      total 119296K, used 7590K [0x00000000e0000000, 0x00000000e8c00000, 0x0000000100000000)
  eden space 111616K, 0% used [0x00000000e0000000,0x00000000e0000000,0x00000000e6d00000)
  from space 7680K, 98% used [0x00000000e8480000,0x00000000e8be9be8,0x00000000e8c00000)
  to   space 10752K, 0% used [0x00000000e7700000,0x00000000e7700000,0x00000000e8180000)
 ParOldGen       total 51200K, used 8549K [0x00000000a0000000, 0x00000000a3200000, 0x00000000e0000000)
  object space 51200K, 16% used [0x00000000a0000000,0x00000000a08595d0,0x00000000a3200000)
 Metaspace       used 28163K, capacity 28804K, committed 28928K, reserved 1075200K
  class space    used 3840K, capacity 4045K, committed 4096K, reserved 1048576K
}
Event: 9.228 GC heap before
{Heap before GC invocations=10 (full 1):
 PSYoungGen      total 119296K, used 119206K [0x00000000e0000000, 0x00000000e8c00000, 0x0000000100000000)
  eden space 111616K, 100% used [0x00000000e0000000,0x00000000e6d00000,0x00000000e6d00000)
  from space 7680K, 98% used [0x00000000e8480000,0x00000000e8be9be8,0x00000000e8c00000)
  to   space 10752K, 0% used [0x00000000e7700000,0x00000000e7700000,0x00000000e8180000)
 ParOldGen       total 51200K, used 8549K [0x00000000a0000000, 0x00000000a3200000, 0x00000000e0000000)
  object space 51200K, 16% used [0x00000000a0000000,0x00000000a08595d0,0x00000000a3200000)
 Metaspace       used 34202K, capacity 35040K, committed 35200K, reserved 1079296K
  class space    used 4697K, capacity 4932K, committed 4992K, reserved 1048576K
Event: 9.249 GC heap after
Heap after GC invocations=10 (full 1):
 PSYoungGen      total 132608K, used 10732K [0x00000000e0000000, 0x00000000eba00000, 0x0000000100000000)
  eden space 121856K, 0% used [0x00000000e0000000,0x00000000e0000000,0x00000000e7700000)
  from space 10752K, 99% used [0x00000000e7700000,0x00000000e817b288,0x00000000e8180000)
  to   space 13312K, 0% used [0x00000000ead00000,0x00000000ead00000,0x00000000eba00000)
 ParOldGen       total 51200K, used 11104K [0x00000000a0000000, 0x00000000a3200000, 0x00000000e0000000)
  object space 51200K, 21% used [0x00000000a0000000,0x00000000a0ad8088,0x00000000a3200000)
 Metaspace       used 34202K, capacity 35040K, committed 35200K, reserved 1079296K
  class space    used 4697K, capacity 4932K, committed 4992K, reserved 1048576K
}
Event: 9.370 GC heap before
{Heap before GC invocations=11 (full 1):
 PSYoungGen      total 132608K, used 24018K [0x00000000e0000000, 0x00000000eba00000, 0x0000000100000000)
  eden space 121856K, 10% used [0x00000000e0000000,0x00000000e0cf9868,0x00000000e7700000)
  from space 10752K, 99% used [0x00000000e7700000,0x00000000e817b288,0x00000000e8180000)
  to   space 13312K, 0% used [0x00000000ead00000,0x00000000ead00000,0x00000000eba00000)
 ParOldGen       total 51200K, used 11104K [0x00000000a0000000, 0x00000000a3200000, 0x00000000e0000000)
  object space 51200K, 21% used [0x00000000a0000000,0x00000000a0ad8088,0x00000000a3200000)
 Metaspace       used 34669K, capacity 35462K, committed 35496K, reserved 1079296K
  class space    used 4780K, capacity 5030K, committed 5032K, reserved 1048576K
Event: 9.382 GC heap after
Heap after GC invocations=11 (full 1):
 PSYoungGen      total 177664K, used 6359K [0x00000000e0000000, 0x00000000ecf00000, 0x0000000100000000)
  eden space 164352K, 0% used [0x00000000e0000000,0x00000000e0000000,0x00000000ea080000)
  from space 13312K, 47% used [0x00000000ead00000,0x00000000eb335f58,0x00000000eba00000)
  to   space 12800K, 0% used [0x00000000ea080000,0x00000000ea080000,0x00000000ead00000)
 ParOldGen       total 51200K, used 14406K [0x00000000a0000000, 0x00000000a3200000, 0x00000000e0000000)
  object space 51200K, 28% used [0x00000000a0000000,0x00000000a0e11be8,0x00000000a3200000)
 Metaspace       used 34669K, capacity 35462K, committed 35496K, reserved 1079296K
  class space    used 4780K, capacity 5030K, committed 5032K, reserved 1048576K
}
Event: 9.382 GC heap before
{Heap before GC invocations=12 (full 2):
 PSYoungGen      total 177664K, used 6359K [0x00000000e0000000, 0x00000000ecf00000, 0x0000000100000000)
  eden space 164352K, 0% used [0x00000000e0000000,0x00000000e0000000,0x00000000ea080000)
  from space 13312K, 47% used [0x00000000ead00000,0x00000000eb335f58,0x00000000eba00000)
  to   space 12800K, 0% used [0x00000000ea080000,0x00000000ea080000,0x00000000ead00000)
 ParOldGen       total 51200K, used 14406K [0x00000000a0000000, 0x00000000a3200000, 0x00000000e0000000)
  object space 51200K, 28% used [0x00000000a0000000,0x00000000a0e11be8,0x00000000a3200000)
 Metaspace       used 34669K, capacity 35462K, committed 35496K, reserved 1079296K
  class space    used 4780K, capacity 5030K, committed 5032K, reserved 1048576K
Event: 9.535 GC heap after
Heap after GC invocations=12 (full 2):
 PSYoungGen      total 177664K, used 0K [0x00000000e0000000, 0x00000000ecf00000, 0x0000000100000000)
  eden space 164352K, 0% used [0x00000000e0000000,0x00000000e0000000,0x00000000ea080000)
  from space 13312K, 0% used [0x00000000ead00000,0x00000000ead00000,0x00000000eba00000)
  to   space 12800K, 0% used [0x00000000ea080000,0x00000000ea080000,0x00000000ead00000)
 ParOldGen       total 79360K, used 16801K [0x00000000a0000000, 0x00000000a4d80000, 0x00000000e0000000)
  object space 79360K, 21% used [0x00000000a0000000,0x00000000a10685d0,0x00000000a4d80000)
 Metaspace       used 34669K, capacity 35462K, committed 35496K, reserved 1079296K
  class space    used 4780K, capacity 5030K, committed 5032K, reserved 1048576K
}
Event: 12.299 GC heap before
{Heap before GC invocations=13 (full 2):
 PSYoungGen      total 177664K, used 164352K [0x00000000e0000000, 0x00000000ecf00000, 0x0000000100000000)
  eden space 164352K, 100% used [0x00000000e0000000,0x00000000ea080000,0x00000000ea080000)
  from space 13312K, 0% used [0x00000000ead00000,0x00000000ead00000,0x00000000eba00000)
  to   space 12800K, 0% used [0x00000000ea080000,0x00000000ea080000,0x00000000ead00000)
 ParOldGen       total 79360K, used 16801K [0x00000000a0000000, 0x00000000a4d80000, 0x00000000e0000000)
  object space 79360K, 21% used [0x00000000a0000000,0x00000000a10685d0,0x00000000a4d80000)
 Metaspace       used 49553K, capacity 50982K, committed 51240K, reserved 1093632K
  class space    used 6572K, capacity 6884K, committed 6952K, reserved 1048576K
Event: 12.320 GC heap after
Heap after GC invocations=13 (full 2):
 PSYoungGen      total 177152K, used 12784K [0x00000000e0000000, 0x00000000eed80000, 0x0000000100000000)
  eden space 164352K, 0% used [0x00000000e0000000,0x00000000e0000000,0x00000000ea080000)
  from space 12800K, 99% used [0x00000000ea080000,0x00000000eacfc3f8,0x00000000ead00000)
  to   space 16896K, 0% used [0x00000000edd00000,0x00000000edd00000,0x00000000eed80000)
 ParOldGen       total 79360K, used 23876K [0x00000000a0000000, 0x00000000a4d80000, 0x00000000e0000000)
  object space 79360K, 30% used [0x00000000a0000000,0x00000000a1751098,0x00000000a4d80000)
 Metaspace       used 49553K, capacity 50982K, committed 51240K, reserved 1093632K
  class space    used 6572K, capacity 6884K, committed 6952K, reserved 1048576K
}

