# JRE version: OpenJDK Runtime Environment (8.0_212-b04) (build 1.8.0_212-release-1586-b04)
# Java VM: OpenJDK 64-Bit Server VM (25.212-b04 mixed mode windows-amd64 compressed oops)
Heap:
 PSYoungGen      total 248832K, used 40465K [0x00000000e0000000, 0x00000000f0780000, 0x0000000100000000)
  eden space 235008K, 17% used [0x00000000e0000000,0x00000000e2784568,0x00000000ee580000)
  from space 13824K, 0% used [0x00000000efa00000,0x00000000efa00000,0x00000000f0780000)
  to   space 17408K, 0% used [0x00000000ee580000,0x00000000ee580000,0x00000000ef680000)
 ParOldGen       total 69120K, used 36118K [0x00000000a0000000, 0x00000000a4380000, 0x00000000e0000000)
  object space 69120K, 52% used [0x00000000a0000000,0x00000000a2345b60,0x00000000a4380000)
 Metaspace       used 58936K, capacity 60968K, committed 61080K, reserved 1101824K
  class space    used 8060K, capacity 8518K, committed 8616K, reserved 1048576K
GC Heap History (10 events):
Event: 8.450 GC heap before
{Heap before GC invocations=11 (full 1):
 PSYoungGen      total 133120K, used 22181K [0x00000000e0000000, 0x00000000ebf00000, 0x0000000100000000)
  eden space 122368K, 9% used [0x00000000e0000000,0x00000000e0b2c090,0x00000000e7780000)
  from space 10752K, 99% used [0x00000000e7780000,0x00000000e81fd4a8,0x00000000e8200000)
  to   space 13312K, 0% used [0x00000000eb200000,0x00000000eb200000,0x00000000ebf00000)
 ParOldGen       total 49152K, used 10795K [0x00000000a0000000, 0x00000000a3000000, 0x00000000e0000000)
  object space 49152K, 21% used [0x00000000a0000000,0x00000000a0a8aea0,0x00000000a3000000)
 Metaspace       used 34649K, capacity 35462K, committed 35496K, reserved 1079296K
  class space    used 4773K, capacity 5030K, committed 5032K, reserved 1048576K
Event: 8.461 GC heap after
Heap after GC invocations=11 (full 1):
 PSYoungGen      total 182784K, used 6299K [0x00000000e0000000, 0x00000000ed100000, 0x0000000100000000)
  eden space 169472K, 0% used [0x00000000e0000000,0x00000000e0000000,0x00000000ea580000)
  from space 13312K, 47% used [0x00000000eb200000,0x00000000eb826cb8,0x00000000ebf00000)
  to   space 12800K, 0% used [0x00000000ea580000,0x00000000ea580000,0x00000000eb200000)
 ParOldGen       total 49152K, used 14103K [0x00000000a0000000, 0x00000000a3000000, 0x00000000e0000000)
  object space 49152K, 28% used [0x00000000a0000000,0x00000000a0dc5e80,0x00000000a3000000)
 Metaspace       used 34649K, capacity 35462K, committed 35496K, reserved 1079296K
  class space    used 4773K, capacity 5030K, committed 5032K, reserved 1048576K
}
Event: 8.461 GC heap before
{Heap before GC invocations=12 (full 2):
 PSYoungGen      total 182784K, used 6299K [0x00000000e0000000, 0x00000000ed100000, 0x0000000100000000)
  eden space 169472K, 0% used [0x00000000e0000000,0x00000000e0000000,0x00000000ea580000)
  from space 13312K, 47% used [0x00000000eb200000,0x00000000eb826cb8,0x00000000ebf00000)
  to   space 12800K, 0% used [0x00000000ea580000,0x00000000ea580000,0x00000000eb200000)
 ParOldGen       total 49152K, used 14103K [0x00000000a0000000, 0x00000000a3000000, 0x00000000e0000000)
  object space 49152K, 28% used [0x00000000a0000000,0x00000000a0dc5e80,0x00000000a3000000)
 Metaspace       used 34649K, capacity 35462K, committed 35496K, reserved 1079296K
  class space    used 4773K, capacity 5030K, committed 5032K, reserved 1048576K
Event: 8.517 GC heap after
Heap after GC invocations=12 (full 2):
 PSYoungGen      total 182784K, used 0K [0x00000000e0000000, 0x00000000ed100000, 0x0000000100000000)
  eden space 169472K, 0% used [0x00000000e0000000,0x00000000e0000000,0x00000000ea580000)
  from space 13312K, 0% used [0x00000000eb200000,0x00000000eb200000,0x00000000ebf00000)
  to   space 12800K, 0% used [0x00000000ea580000,0x00000000ea580000,0x00000000eb200000)
 ParOldGen       total 69120K, used 16928K [0x00000000a0000000, 0x00000000a4380000, 0x00000000e0000000)
  object space 69120K, 24% used [0x00000000a0000000,0x00000000a10882e0,0x00000000a4380000)
 Metaspace       used 34649K, capacity 35462K, committed 35496K, reserved 1079296K
  class space    used 4773K, capacity 5030K, committed 5032K, reserved 1048576K
}
Event: 11.503 GC heap before
{Heap before GC invocations=13 (full 2):
 PSYoungGen      total 182784K, used 169472K [0x00000000e0000000, 0x00000000ed100000, 0x0000000100000000)
  eden space 169472K, 100% used [0x00000000e0000000,0x00000000ea580000,0x00000000ea580000)
  from space 13312K, 0% used [0x00000000eb200000,0x00000000eb200000,0x00000000ebf00000)
  to   space 12800K, 0% used [0x00000000ea580000,0x00000000ea580000,0x00000000eb200000)
 ParOldGen       total 69120K, used 16928K [0x00000000a0000000, 0x00000000a4380000, 0x00000000e0000000)
  object space 69120K, 24% used [0x00000000a0000000,0x00000000a10882e0,0x00000000a4380000)
 Metaspace       used 51211K, capacity 52654K, committed 52904K, reserved 1095680K
  class space    used 6737K, capacity 7058K, committed 7080K, reserved 1048576K
Event: 11.521 GC heap after
Heap after GC invocations=13 (full 2):
 PSYoungGen      total 182272K, used 12785K [0x00000000e0000000, 0x00000000f0b00000, 0x0000000100000000)
  eden space 169472K, 0% used [0x00000000e0000000,0x00000000e0000000,0x00000000ea580000)
  from space 12800K, 99% used [0x00000000ea580000,0x00000000eb1fc750,0x00000000eb200000)
  to   space 17408K, 0% used [0x00000000efa00000,0x00000000efa00000,0x00000000f0b00000)
 ParOldGen       total 69120K, used 25139K [0x00000000a0000000, 0x00000000a4380000, 0x00000000e0000000)
  object space 69120K, 36% used [0x00000000a0000000,0x00000000a188cd58,0x00000000a4380000)
 Metaspace       used 51211K, capacity 52654K, committed 52904K, reserved 1095680K
  class space    used 6737K, capacity 7058K, committed 7080K, reserved 1048576K
}
Event: 12.947 GC heap before
{Heap before GC invocations=14 (full 2):
 PSYoungGen      total 182272K, used 129685K [0x00000000e0000000, 0x00000000f0b00000, 0x0000000100000000)
  eden space 169472K, 68% used [0x00000000e0000000,0x00000000e7228d10,0x00000000ea580000)
  from space 12800K, 99% used [0x00000000ea580000,0x00000000eb1fc750,0x00000000eb200000)
  to   space 17408K, 0% used [0x00000000efa00000,0x00000000efa00000,0x00000000f0b00000)
 ParOldGen       total 69120K, used 25139K [0x00000000a0000000, 0x00000000a4380000, 0x00000000e0000000)
  object space 69120K, 36% used [0x00000000a0000000,0x00000000a188cd58,0x00000000a4380000)
 Metaspace       used 57046K, capacity 59128K, committed 59160K, reserved 1099776K
  class space    used 7739K, capacity 8202K, committed 8232K, reserved 1048576K
Event: 12.965 GC heap after
Heap after GC invocations=14 (full 2):
 PSYoungGen      total 248832K, used 11148K [0x00000000e0000000, 0x00000000f0780000, 0x0000000100000000)
  eden space 235008K, 0% used [0x00000000e0000000,0x00000000e0000000,0x00000000ee580000)
  from space 13824K, 80% used [0x00000000efa00000,0x00000000f04e3110,0x00000000f0780000)
  to   space 17408K, 0% used [0x00000000ee580000,0x00000000ee580000,0x00000000ef680000)
 ParOldGen       total 69120K, used 35035K [0x00000000a0000000, 0x00000000a4380000, 0x00000000e0000000)
  object space 69120K, 50% used [0x00000000a0000000,0x00000000a2236f60,0x00000000a4380000)
 Metaspace       used 57046K, capacity 59128K, committed 59160K, reserved 1099776K
  class space    used 7739K, capacity 8202K, committed 8232K, reserved 1048576K
}
Event: 12.965 GC heap before
{Heap before GC invocations=15 (full 3):
 PSYoungGen      total 248832K, used 11148K [0x00000000e0000000, 0x00000000f0780000, 0x0000000100000000)
  eden space 235008K, 0% used [0x00000000e0000000,0x00000000e0000000,0x00000000ee580000)
  from space 13824K, 80% used [0x00000000efa00000,0x00000000f04e3110,0x00000000f0780000)
  to   space 17408K, 0% used [0x00000000ee580000,0x00000000ee580000,0x00000000ef680000)
 ParOldGen       total 69120K, used 35035K [0x00000000a0000000, 0x00000000a4380000, 0x00000000e0000000)
  object space 69120K, 50% used [0x00000000a0000000,0x00000000a2236f60,0x00000000a4380000)
 Metaspace       used 57046K, capacity 59128K, committed 59160K, reserved 1099776K
  class space    used 7739K, capacity 8202K, committed 8232K, reserved 1048576K
Event: 13.260 GC heap after
Heap after GC invocations=15 (full 3):
 PSYoungGen      total 248832K, used 0K [0x00000000e0000000, 0x00000000f0780000, 0x0000000100000000)
  eden space 235008K, 0% used [0x00000000e0000000,0x00000000e0000000,0x00000000ee580000)
  from space 13824K, 0% used [0x00000000efa00000,0x00000000efa00000,0x00000000f0780000)
  to   space 17408K, 0% used [0x00000000ee580000,0x00000000ee580000,0x00000000ef680000)
 ParOldGen       total 69120K, used 36118K [0x00000000a0000000, 0x00000000a4380000, 0x00000000e0000000)
  object space 69120K, 52% used [0x00000000a0000000,0x00000000a2345b60,0x00000000a4380000)
 Metaspace       used 57003K, capacity 58986K, committed 59160K, reserved 1099776K
  class space    used 7728K, capacity 8185K, committed 8232K, reserved 1048576K
}

