# JRE version: OpenJDK Runtime Environment (8.0_212-b04) (build 1.8.0_212-release-1586-b04)
# Java VM: OpenJDK 64-Bit Server VM (25.212-b04 mixed mode windows-amd64 compressed oops)
Heap:
 PSYoungGen      total 243200K, used 124633K [0x00000000e0000000, 0x00000000eff80000, 0x0000000100000000)
  eden space 224768K, 47% used [0x00000000e0000000,0x00000000e67b9c98,0x00000000edb80000)
  from space 18432K, 99% used [0x00000000edb80000,0x00000000eed7ca98,0x00000000eed80000)
  to   space 15872K, 0% used [0x00000000ef000000,0x00000000ef000000,0x00000000eff80000)
 ParOldGen       total 116736K, used 40721K [0x00000000a0000000, 0x00000000a7200000, 0x00000000e0000000)
  object space 116736K, 34% used [0x00000000a0000000,0x00000000a27c45d0,0x00000000a7200000)
 Metaspace       used 66060K, capacity 68934K, committed 69080K, reserved 1107968K
  class space    used 8995K, capacity 9579K, committed 9688K, reserved 1048576K
GC Heap History (10 events):
Event: 9.955 GC heap before
{Heap before GC invocations=12 (full 2):
 PSYoungGen      total 184320K, used 3808K [0x00000000e0000000, 0x00000000ecc80000, 0x0000000100000000)
  eden space 171520K, 0% used [0x00000000e0000000,0x00000000e0000000,0x00000000ea780000)
  from space 12800K, 29% used [0x00000000eb400000,0x00000000eb7b8000,0x00000000ec080000)
  to   space 12800K, 0% used [0x00000000ea780000,0x00000000ea780000,0x00000000eb400000)
 ParOldGen       total 48128K, used 11354K [0x00000000a0000000, 0x00000000a2f00000, 0x00000000e0000000)
  object space 48128K, 23% used [0x00000000a0000000,0x00000000a0b169a0,0x00000000a2f00000)
 Metaspace       used 34520K, capacity 35388K, committed 35456K, reserved 1079296K
  class space    used 4726K, capacity 4971K, committed 4992K, reserved 1048576K
Event: 10.060 GC heap after
Heap after GC invocations=12 (full 2):
 PSYoungGen      total 184320K, used 0K [0x00000000e0000000, 0x00000000ecc80000, 0x0000000100000000)
  eden space 171520K, 0% used [0x00000000e0000000,0x00000000e0000000,0x00000000ea780000)
  from space 12800K, 0% used [0x00000000eb400000,0x00000000eb400000,0x00000000ec080000)
  to   space 12800K, 0% used [0x00000000ea780000,0x00000000ea780000,0x00000000eb400000)
 ParOldGen       total 70656K, used 14339K [0x00000000a0000000, 0x00000000a4500000, 0x00000000e0000000)
  object space 70656K, 20% used [0x00000000a0000000,0x00000000a0e00eb0,0x00000000a4500000)
 Metaspace       used 34488K, capacity 35280K, committed 35456K, reserved 1079296K
  class space    used 4716K, capacity 4953K, committed 4992K, reserved 1048576K
}
Event: 13.766 GC heap before
{Heap before GC invocations=13 (full 2):
 PSYoungGen      total 184320K, used 171520K [0x00000000e0000000, 0x00000000ecc80000, 0x0000000100000000)
  eden space 171520K, 100% used [0x00000000e0000000,0x00000000ea780000,0x00000000ea780000)
  from space 12800K, 0% used [0x00000000eb400000,0x00000000eb400000,0x00000000ec080000)
  to   space 12800K, 0% used [0x00000000ea780000,0x00000000ea780000,0x00000000eb400000)
 ParOldGen       total 70656K, used 14339K [0x00000000a0000000, 0x00000000a4500000, 0x00000000e0000000)
  object space 70656K, 20% used [0x00000000a0000000,0x00000000a0e00eb0,0x00000000a4500000)
 Metaspace       used 49336K, capacity 50854K, committed 51072K, reserved 1093632K
  class space    used 6609K, capacity 6962K, committed 7040K, reserved 1048576K
Event: 13.794 GC heap after
Heap after GC invocations=13 (full 2):
 PSYoungGen      total 184320K, used 12772K [0x00000000e0000000, 0x00000000f0100000, 0x0000000100000000)
  eden space 171520K, 0% used [0x00000000e0000000,0x00000000e0000000,0x00000000ea780000)
  from space 12800K, 99% used [0x00000000ea780000,0x00000000eb3f9070,0x00000000eb400000)
  to   space 17408K, 0% used [0x00000000ef000000,0x00000000ef000000,0x00000000f0100000)
 ParOldGen       total 70656K, used 22370K [0x00000000a0000000, 0x00000000a4500000, 0x00000000e0000000)
  object space 70656K, 31% used [0x00000000a0000000,0x00000000a15d8920,0x00000000a4500000)
 Metaspace       used 49336K, capacity 50854K, committed 51072K, reserved 1093632K
  class space    used 6609K, capacity 6962K, committed 7040K, reserved 1048576K
}
Event: 16.287 GC heap before
{Heap before GC invocations=14 (full 2):
 PSYoungGen      total 184320K, used 139813K [0x00000000e0000000, 0x00000000f0100000, 0x0000000100000000)
  eden space 171520K, 74% used [0x00000000e0000000,0x00000000e7c10628,0x00000000ea780000)
  from space 12800K, 99% used [0x00000000ea780000,0x00000000eb3f9070,0x00000000eb400000)
  to   space 17408K, 0% used [0x00000000ef000000,0x00000000ef000000,0x00000000f0100000)
 ParOldGen       total 70656K, used 22370K [0x00000000a0000000, 0x00000000a4500000, 0x00000000e0000000)
  object space 70656K, 31% used [0x00000000a0000000,0x00000000a15d8920,0x00000000a4500000)
 Metaspace       used 57148K, capacity 59038K, committed 59096K, reserved 1099776K
  class space    used 7855K, capacity 8351K, committed 8408K, reserved 1048576K
Event: 16.321 GC heap after
Heap after GC invocations=14 (full 2):
 PSYoungGen      total 240640K, used 13489K [0x00000000e0000000, 0x00000000eff80000, 0x0000000100000000)
  eden space 224768K, 0% used [0x00000000e0000000,0x00000000e0000000,0x00000000edb80000)
  from space 15872K, 84% used [0x00000000ef000000,0x00000000efd2c418,0x00000000eff80000)
  to   space 18432K, 0% used [0x00000000edb80000,0x00000000edb80000,0x00000000eed80000)
 ParOldGen       total 70656K, used 33360K [0x00000000a0000000, 0x00000000a4500000, 0x00000000e0000000)
  object space 70656K, 47% used [0x00000000a0000000,0x00000000a20941a8,0x00000000a4500000)
 Metaspace       used 57148K, capacity 59038K, committed 59096K, reserved 1099776K
  class space    used 7855K, capacity 8351K, committed 8408K, reserved 1048576K
}
Event: 16.321 GC heap before
{Heap before GC invocations=15 (full 3):
 PSYoungGen      total 240640K, used 13489K [0x00000000e0000000, 0x00000000eff80000, 0x0000000100000000)
  eden space 224768K, 0% used [0x00000000e0000000,0x00000000e0000000,0x00000000edb80000)
  from space 15872K, 84% used [0x00000000ef000000,0x00000000efd2c418,0x00000000eff80000)
  to   space 18432K, 0% used [0x00000000edb80000,0x00000000edb80000,0x00000000eed80000)
 ParOldGen       total 70656K, used 33360K [0x00000000a0000000, 0x00000000a4500000, 0x00000000e0000000)
  object space 70656K, 47% used [0x00000000a0000000,0x00000000a20941a8,0x00000000a4500000)
 Metaspace       used 57148K, capacity 59038K, committed 59096K, reserved 1099776K
  class space    used 7855K, capacity 8351K, committed 8408K, reserved 1048576K
Event: 16.634 GC heap after
Heap after GC invocations=15 (full 3):
 PSYoungGen      total 240640K, used 0K [0x00000000e0000000, 0x00000000eff80000, 0x0000000100000000)
  eden space 224768K, 0% used [0x00000000e0000000,0x00000000e0000000,0x00000000edb80000)
  from space 15872K, 0% used [0x00000000ef000000,0x00000000ef000000,0x00000000eff80000)
  to   space 18432K, 0% used [0x00000000edb80000,0x00000000edb80000,0x00000000eed80000)
 ParOldGen       total 116736K, used 37793K [0x00000000a0000000, 0x00000000a7200000, 0x00000000e0000000)
  object space 116736K, 32% used [0x00000000a0000000,0x00000000a24e8660,0x00000000a7200000)
 Metaspace       used 57148K, capacity 59038K, committed 59096K, reserved 1099776K
  class space    used 7855K, capacity 8351K, committed 8408K, reserved 1048576K
}
Event: 23.414 GC heap before
{Heap before GC invocations=16 (full 3):
 PSYoungGen      total 240640K, used 224768K [0x00000000e0000000, 0x00000000eff80000, 0x0000000100000000)
  eden space 224768K, 100% used [0x00000000e0000000,0x00000000edb80000,0x00000000edb80000)
  from space 15872K, 0% used [0x00000000ef000000,0x00000000ef000000,0x00000000eff80000)
  to   space 18432K, 0% used [0x00000000edb80000,0x00000000edb80000,0x00000000eed80000)
 ParOldGen       total 116736K, used 37793K [0x00000000a0000000, 0x00000000a7200000, 0x00000000e0000000)
  object space 116736K, 32% used [0x00000000a0000000,0x00000000a24e8660,0x00000000a7200000)
 Metaspace       used 64744K, capacity 67582K, committed 67928K, reserved 1107968K
  class space    used 8863K, capacity 9433K, committed 9560K, reserved 1048576K
Event: 23.453 GC heap after
Heap after GC invocations=16 (full 3):
 PSYoungGen      total 243200K, used 18418K [0x00000000e0000000, 0x00000000eff80000, 0x0000000100000000)
  eden space 224768K, 0% used [0x00000000e0000000,0x00000000e0000000,0x00000000edb80000)
  from space 18432K, 99% used [0x00000000edb80000,0x00000000eed7ca98,0x00000000eed80000)
  to   space 15872K, 0% used [0x00000000ef000000,0x00000000ef000000,0x00000000eff80000)
 ParOldGen       total 116736K, used 40721K [0x00000000a0000000, 0x00000000a7200000, 0x00000000e0000000)
  object space 116736K, 34% used [0x00000000a0000000,0x00000000a27c45d0,0x00000000a7200000)
 Metaspace       used 64744K, capacity 67582K, committed 67928K, reserved 1107968K
  class space    used 8863K, capacity 9433K, committed 9560K, reserved 1048576K
}

