# JRE version: OpenJDK Runtime Environment (8.0_212-b04) (build 1.8.0_212-release-1586-b04)
# Java VM: OpenJDK 64-Bit Server VM (25.212-b04 mixed mode windows-amd64 compressed oops)
Heap:
 PSYoungGen      total 212480K, used 77505K [0x00000000e0000000, 0x00000000ee580000, 0x0000000100000000)
  eden space 201216K, 33% used [0x00000000e0000000,0x00000000e411a590,0x00000000ec480000)
  from space 11264K, 96% used [0x00000000eda80000,0x00000000ee516190,0x00000000ee580000)
  to   space 14336K, 0% used [0x00000000ec980000,0x00000000ec980000,0x00000000ed780000)
 ParOldGen       total 75264K, used 18524K [0x00000000a0000000, 0x00000000a4980000, 0x00000000e0000000)
  object space 75264K, 24% used [0x00000000a0000000,0x00000000a1217388,0x00000000a4980000)
 Metaspace       used 47704K, capacity 49064K, committed 49280K, reserved 1091584K
  class space    used 6336K, capacity 6657K, committed 6784K, reserved 1048576K
GC Heap History (10 events):
Event: 13.477 GC heap before
{Heap before GC invocations=6 (full 1):
 PSYoungGen      total 68608K, used 5097K [0x00000000e0000000, 0x00000000e9400000, 0x0000000100000000)
  eden space 63488K, 0% used [0x00000000e0000000,0x00000000e0000000,0x00000000e3e00000)
  from space 5120K, 99% used [0x00000000e3e00000,0x00000000e42fa640,0x00000000e4300000)
  to   space 12288K, 0% used [0x00000000e8800000,0x00000000e8800000,0x00000000e9400000)
 ParOldGen       total 84992K, used 11837K [0x00000000a0000000, 0x00000000a5300000, 0x00000000e0000000)
  object space 84992K, 13% used [0x00000000a0000000,0x00000000a0b8f7c0,0x00000000a5300000)
 Metaspace       used 20715K, capacity 21224K, committed 21296K, reserved 1067008K
  class space    used 2980K, capacity 3141K, committed 3200K, reserved 1048576K
Event: 13.507 GC heap after
Heap after GC invocations=6 (full 1):
 PSYoungGen      total 68608K, used 0K [0x00000000e0000000, 0x00000000e9400000, 0x0000000100000000)
  eden space 63488K, 0% used [0x00000000e0000000,0x00000000e0000000,0x00000000e3e00000)
  from space 5120K, 0% used [0x00000000e3e00000,0x00000000e3e00000,0x00000000e4300000)
  to   space 12288K, 0% used [0x00000000e8800000,0x00000000e8800000,0x00000000e9400000)
 ParOldGen       total 52224K, used 8213K [0x00000000a0000000, 0x00000000a3300000, 0x00000000e0000000)
  object space 52224K, 15% used [0x00000000a0000000,0x00000000a0805620,0x00000000a3300000)
 Metaspace       used 20715K, capacity 21224K, committed 21296K, reserved 1067008K
  class space    used 2980K, capacity 3141K, committed 3200K, reserved 1048576K
}
Event: 14.262 GC heap before
{Heap before GC invocations=7 (full 1):
 PSYoungGen      total 68608K, used 63488K [0x00000000e0000000, 0x00000000e9400000, 0x0000000100000000)
  eden space 63488K, 100% used [0x00000000e0000000,0x00000000e3e00000,0x00000000e3e00000)
  from space 5120K, 0% used [0x00000000e3e00000,0x00000000e3e00000,0x00000000e4300000)
  to   space 12288K, 0% used [0x00000000e8800000,0x00000000e8800000,0x00000000e9400000)
 ParOldGen       total 52224K, used 8213K [0x00000000a0000000, 0x00000000a3300000, 0x00000000e0000000)
  object space 52224K, 15% used [0x00000000a0000000,0x00000000a0805620,0x00000000a3300000)
 Metaspace       used 28353K, capacity 29002K, committed 29184K, reserved 1075200K
  class space    used 3861K, capacity 4046K, committed 4096K, reserved 1048576K
Event: 14.268 GC heap after
Heap after GC invocations=7 (full 1):
 PSYoungGen      total 124928K, used 7693K [0x00000000e0000000, 0x00000000e9000000, 0x0000000100000000)
  eden space 116736K, 0% used [0x00000000e0000000,0x00000000e0000000,0x00000000e7200000)
  from space 8192K, 93% used [0x00000000e8800000,0x00000000e8f83598,0x00000000e9000000)
  to   space 11776K, 0% used [0x00000000e7900000,0x00000000e7900000,0x00000000e8480000)
 ParOldGen       total 52224K, used 8221K [0x00000000a0000000, 0x00000000a3300000, 0x00000000e0000000)
  object space 52224K, 15% used [0x00000000a0000000,0x00000000a0807620,0x00000000a3300000)
 Metaspace       used 28353K, capacity 29002K, committed 29184K, reserved 1075200K
  class space    used 3861K, capacity 4046K, committed 4096K, reserved 1048576K
}
Event: 22.267 GC heap before
{Heap before GC invocations=8 (full 1):
 PSYoungGen      total 124928K, used 94390K [0x00000000e0000000, 0x00000000e9000000, 0x0000000100000000)
  eden space 116736K, 74% used [0x00000000e0000000,0x00000000e54aa560,0x00000000e7200000)
  from space 8192K, 93% used [0x00000000e8800000,0x00000000e8f83598,0x00000000e9000000)
  to   space 11776K, 0% used [0x00000000e7900000,0x00000000e7900000,0x00000000e8480000)
 ParOldGen       total 52224K, used 8221K [0x00000000a0000000, 0x00000000a3300000, 0x00000000e0000000)
  object space 52224K, 15% used [0x00000000a0000000,0x00000000a0807620,0x00000000a3300000)
 Metaspace       used 34557K, capacity 35438K, committed 35496K, reserved 1079296K
  class space    used 4581K, capacity 4812K, committed 4864K, reserved 1048576K
Event: 22.278 GC heap after
Heap after GC invocations=8 (full 1):
 PSYoungGen      total 135680K, used 11772K [0x00000000e0000000, 0x00000000ee800000, 0x0000000100000000)
  eden space 123904K, 0% used [0x00000000e0000000,0x00000000e0000000,0x00000000e7900000)
  from space 11776K, 99% used [0x00000000e7900000,0x00000000e847f2b0,0x00000000e8480000)
  to   space 13824K, 0% used [0x00000000eda80000,0x00000000eda80000,0x00000000ee800000)
 ParOldGen       total 52224K, used 8498K [0x00000000a0000000, 0x00000000a3300000, 0x00000000e0000000)
  object space 52224K, 16% used [0x00000000a0000000,0x00000000a084c898,0x00000000a3300000)
 Metaspace       used 34557K, capacity 35438K, committed 35496K, reserved 1079296K
  class space    used 4581K, capacity 4812K, committed 4864K, reserved 1048576K
}
Event: 22.279 GC heap before
{Heap before GC invocations=9 (full 2):
 PSYoungGen      total 135680K, used 11772K [0x00000000e0000000, 0x00000000ee800000, 0x0000000100000000)
  eden space 123904K, 0% used [0x00000000e0000000,0x00000000e0000000,0x00000000e7900000)
  from space 11776K, 99% used [0x00000000e7900000,0x00000000e847f2b0,0x00000000e8480000)
  to   space 13824K, 0% used [0x00000000eda80000,0x00000000eda80000,0x00000000ee800000)
 ParOldGen       total 52224K, used 8498K [0x00000000a0000000, 0x00000000a3300000, 0x00000000e0000000)
  object space 52224K, 16% used [0x00000000a0000000,0x00000000a084c898,0x00000000a3300000)
 Metaspace       used 34557K, capacity 35438K, committed 35496K, reserved 1079296K
  class space    used 4581K, capacity 4812K, committed 4864K, reserved 1048576K
Event: 22.344 GC heap after
Heap after GC invocations=9 (full 2):
 PSYoungGen      total 135680K, used 0K [0x00000000e0000000, 0x00000000ee800000, 0x0000000100000000)
  eden space 123904K, 0% used [0x00000000e0000000,0x00000000e0000000,0x00000000e7900000)
  from space 11776K, 0% used [0x00000000e7900000,0x00000000e7900000,0x00000000e8480000)
  to   space 13824K, 0% used [0x00000000eda80000,0x00000000eda80000,0x00000000ee800000)
 ParOldGen       total 75264K, used 18516K [0x00000000a0000000, 0x00000000a4980000, 0x00000000e0000000)
  object space 75264K, 24% used [0x00000000a0000000,0x00000000a1215388,0x00000000a4980000)
 Metaspace       used 34523K, capacity 35350K, committed 35496K, reserved 1079296K
  class space    used 4573K, capacity 4804K, committed 4864K, reserved 1048576K
}
Event: 24.600 GC heap before
{Heap before GC invocations=10 (full 2):
 PSYoungGen      total 135680K, used 123904K [0x00000000e0000000, 0x00000000ee800000, 0x0000000100000000)
  eden space 123904K, 100% used [0x00000000e0000000,0x00000000e7900000,0x00000000e7900000)
  from space 11776K, 0% used [0x00000000e7900000,0x00000000e7900000,0x00000000e8480000)
  to   space 13824K, 0% used [0x00000000eda80000,0x00000000eda80000,0x00000000ee800000)
 ParOldGen       total 75264K, used 18516K [0x00000000a0000000, 0x00000000a4980000, 0x00000000e0000000)
  object space 75264K, 24% used [0x00000000a0000000,0x00000000a1215388,0x00000000a4980000)
 Metaspace       used 40589K, capacity 41736K, committed 41856K, reserved 1085440K
  class space    used 5444K, capacity 5742K, committed 5760K, reserved 1048576K
Event: 24.611 GC heap after
Heap after GC invocations=10 (full 2):
 PSYoungGen      total 212480K, used 10840K [0x00000000e0000000, 0x00000000ee580000, 0x0000000100000000)
  eden space 201216K, 0% used [0x00000000e0000000,0x00000000e0000000,0x00000000ec480000)
  from space 11264K, 96% used [0x00000000eda80000,0x00000000ee516190,0x00000000ee580000)
  to   space 14336K, 0% used [0x00000000ec980000,0x00000000ec980000,0x00000000ed780000)
 ParOldGen       total 75264K, used 18524K [0x00000000a0000000, 0x00000000a4980000, 0x00000000e0000000)
  object space 75264K, 24% used [0x00000000a0000000,0x00000000a1217388,0x00000000a4980000)
 Metaspace       used 40589K, capacity 41736K, committed 41856K, reserved 1085440K
  class space    used 5444K, capacity 5742K, committed 5760K, reserved 1048576K
}

