# JRE version: OpenJDK Runtime Environment (8.0_212-b04) (build 1.8.0_212-release-1586-b04)
# Java VM: OpenJDK 64-Bit Server VM (25.212-b04 mixed mode windows-amd64 compressed oops)
Heap:
 PSYoungGen      total 195072K, used 39629K [0x00000000e0000000, 0x00000000f1e80000, 0x0000000100000000)
  eden space 182272K, 14% used [0x00000000e0000000,0x00000000e1a39160,0x00000000eb200000)
  from space 12800K, 99% used [0x00000000eb200000,0x00000000ebe7a2f0,0x00000000ebe80000)
  to   space 17920K, 0% used [0x00000000f0d00000,0x00000000f0d00000,0x00000000f1e80000)
 ParOldGen       total 64512K, used 24741K [0x00000000a0000000, 0x00000000a3f00000, 0x00000000e0000000)
  object space 64512K, 38% used [0x00000000a0000000,0x00000000a18297e8,0x00000000a3f00000)
 Metaspace       used 51697K, capacity 53284K, committed 53504K, reserved 1095680K
  class space    used 7042K, capacity 7403K, committed 7424K, reserved 1048576K
GC Heap History (10 events):
Event: 6.913 GC heap before
{Heap before GC invocations=9 (full 1):
 PSYoungGen      total 73728K, used 62464K [0x00000000e0000000, 0x00000000e9000000, 0x0000000100000000)
  eden space 62464K, 100% used [0x00000000e0000000,0x00000000e3d00000,0x00000000e3d00000)
  from space 11264K, 0% used [0x00000000e3d00000,0x00000000e3d00000,0x00000000e4800000)
  to   space 11264K, 0% used [0x00000000e8500000,0x00000000e8500000,0x00000000e9000000)
 ParOldGen       total 46592K, used 7440K [0x00000000a0000000, 0x00000000a2d80000, 0x00000000e0000000)
  object space 46592K, 15% used [0x00000000a0000000,0x00000000a0744070,0x00000000a2d80000)
 Metaspace       used 28613K, capacity 29236K, committed 29568K, reserved 1075200K
  class space    used 3916K, capacity 4103K, committed 4224K, reserved 1048576K
Event: 6.920 GC heap after
Heap after GC invocations=9 (full 1):
 PSYoungGen      total 127488K, used 8217K [0x00000000e0000000, 0x00000000e8d80000, 0x0000000100000000)
  eden space 118784K, 0% used [0x00000000e0000000,0x00000000e0000000,0x00000000e7400000)
  from space 8704K, 94% used [0x00000000e8500000,0x00000000e8d06750,0x00000000e8d80000)
  to   space 11264K, 0% used [0x00000000e7780000,0x00000000e7780000,0x00000000e8280000)
 ParOldGen       total 46592K, used 7448K [0x00000000a0000000, 0x00000000a2d80000, 0x00000000e0000000)
  object space 46592K, 15% used [0x00000000a0000000,0x00000000a0746070,0x00000000a2d80000)
 Metaspace       used 28613K, capacity 29236K, committed 29568K, reserved 1075200K
  class space    used 3916K, capacity 4103K, committed 4224K, reserved 1048576K
}
Event: 8.727 GC heap before
{Heap before GC invocations=10 (full 1):
 PSYoungGen      total 127488K, used 127001K [0x00000000e0000000, 0x00000000e8d80000, 0x0000000100000000)
  eden space 118784K, 100% used [0x00000000e0000000,0x00000000e7400000,0x00000000e7400000)
  from space 8704K, 94% used [0x00000000e8500000,0x00000000e8d06750,0x00000000e8d80000)
  to   space 11264K, 0% used [0x00000000e7780000,0x00000000e7780000,0x00000000e8280000)
 ParOldGen       total 46592K, used 7448K [0x00000000a0000000, 0x00000000a2d80000, 0x00000000e0000000)
  object space 46592K, 15% used [0x00000000a0000000,0x00000000a0746070,0x00000000a2d80000)
 Metaspace       used 34457K, capacity 35346K, committed 35456K, reserved 1079296K
  class space    used 4728K, capacity 4964K, committed 4992K, reserved 1048576K
Event: 8.744 GC heap after
Heap after GC invocations=10 (full 1):
 PSYoungGen      total 133632K, used 11244K [0x00000000e0000000, 0x00000000ecb80000, 0x0000000100000000)
  eden space 122368K, 0% used [0x00000000e0000000,0x00000000e0000000,0x00000000e7780000)
  from space 11264K, 99% used [0x00000000e7780000,0x00000000e827b2b0,0x00000000e8280000)
  to   space 13312K, 0% used [0x00000000ebe80000,0x00000000ebe80000,0x00000000ecb80000)
 ParOldGen       total 46592K, used 8093K [0x00000000a0000000, 0x00000000a2d80000, 0x00000000e0000000)
  object space 46592K, 17% used [0x00000000a0000000,0x00000000a07e7530,0x00000000a2d80000)
 Metaspace       used 34457K, capacity 35346K, committed 35456K, reserved 1079296K
  class space    used 4728K, capacity 4964K, committed 4992K, reserved 1048576K
}
Event: 8.986 GC heap before
{Heap before GC invocations=11 (full 1):
 PSYoungGen      total 133632K, used 23138K [0x00000000e0000000, 0x00000000ecb80000, 0x0000000100000000)
  eden space 122368K, 9% used [0x00000000e0000000,0x00000000e0b9d778,0x00000000e7780000)
  from space 11264K, 99% used [0x00000000e7780000,0x00000000e827b2b0,0x00000000e8280000)
  to   space 13312K, 0% used [0x00000000ebe80000,0x00000000ebe80000,0x00000000ecb80000)
 ParOldGen       total 46592K, used 8093K [0x00000000a0000000, 0x00000000a2d80000, 0x00000000e0000000)
  object space 46592K, 17% used [0x00000000a0000000,0x00000000a07e7530,0x00000000a2d80000)
 Metaspace       used 34598K, capacity 35422K, committed 35456K, reserved 1079296K
  class space    used 4741K, capacity 4968K, committed 4992K, reserved 1048576K
Event: 8.994 GC heap after
Heap after GC invocations=11 (full 1):
 PSYoungGen      total 195584K, used 4816K [0x00000000e0000000, 0x00000000ecf00000, 0x0000000100000000)
  eden space 182272K, 0% used [0x00000000e0000000,0x00000000e0000000,0x00000000eb200000)
  from space 13312K, 36% used [0x00000000ebe80000,0x00000000ec334010,0x00000000ecb80000)
  to   space 12800K, 0% used [0x00000000eb200000,0x00000000eb200000,0x00000000ebe80000)
 ParOldGen       total 46592K, used 11741K [0x00000000a0000000, 0x00000000a2d80000, 0x00000000e0000000)
  object space 46592K, 25% used [0x00000000a0000000,0x00000000a0b77550,0x00000000a2d80000)
 Metaspace       used 34598K, capacity 35422K, committed 35456K, reserved 1079296K
  class space    used 4741K, capacity 4968K, committed 4992K, reserved 1048576K
}
Event: 8.994 GC heap before
{Heap before GC invocations=12 (full 2):
 PSYoungGen      total 195584K, used 4816K [0x00000000e0000000, 0x00000000ecf00000, 0x0000000100000000)
  eden space 182272K, 0% used [0x00000000e0000000,0x00000000e0000000,0x00000000eb200000)
  from space 13312K, 36% used [0x00000000ebe80000,0x00000000ec334010,0x00000000ecb80000)
  to   space 12800K, 0% used [0x00000000eb200000,0x00000000eb200000,0x00000000ebe80000)
 ParOldGen       total 46592K, used 11741K [0x00000000a0000000, 0x00000000a2d80000, 0x00000000e0000000)
  object space 46592K, 25% used [0x00000000a0000000,0x00000000a0b77550,0x00000000a2d80000)
 Metaspace       used 34598K, capacity 35422K, committed 35456K, reserved 1079296K
  class space    used 4741K, capacity 4968K, committed 4992K, reserved 1048576K
Event: 9.061 GC heap after
Heap after GC invocations=12 (full 2):
 PSYoungGen      total 195584K, used 0K [0x00000000e0000000, 0x00000000ecf00000, 0x0000000100000000)
  eden space 182272K, 0% used [0x00000000e0000000,0x00000000e0000000,0x00000000eb200000)
  from space 13312K, 0% used [0x00000000ebe80000,0x00000000ebe80000,0x00000000ecb80000)
  to   space 12800K, 0% used [0x00000000eb200000,0x00000000eb200000,0x00000000ebe80000)
 ParOldGen       total 64512K, used 15361K [0x00000000a0000000, 0x00000000a3f00000, 0x00000000e0000000)
  object space 64512K, 23% used [0x00000000a0000000,0x00000000a0f00750,0x00000000a3f00000)
 Metaspace       used 34578K, capacity 35356K, committed 35456K, reserved 1079296K
  class space    used 4735K, capacity 4957K, committed 4992K, reserved 1048576K
}
Event: 12.249 GC heap before
{Heap before GC invocations=13 (full 2):
 PSYoungGen      total 195584K, used 182272K [0x00000000e0000000, 0x00000000ecf00000, 0x0000000100000000)
  eden space 182272K, 100% used [0x00000000e0000000,0x00000000eb200000,0x00000000eb200000)
  from space 13312K, 0% used [0x00000000ebe80000,0x00000000ebe80000,0x00000000ecb80000)
  to   space 12800K, 0% used [0x00000000eb200000,0x00000000eb200000,0x00000000ebe80000)
 ParOldGen       total 64512K, used 15361K [0x00000000a0000000, 0x00000000a3f00000, 0x00000000e0000000)
  object space 64512K, 23% used [0x00000000a0000000,0x00000000a0f00750,0x00000000a3f00000)
 Metaspace       used 51300K, capacity 52870K, committed 52992K, reserved 1095680K
  class space    used 6978K, capacity 7378K, committed 7424K, reserved 1048576K
Event: 12.283 GC heap after
Heap after GC invocations=13 (full 2):
 PSYoungGen      total 195072K, used 12776K [0x00000000e0000000, 0x00000000f1e80000, 0x0000000100000000)
  eden space 182272K, 0% used [0x00000000e0000000,0x00000000e0000000,0x00000000eb200000)
  from space 12800K, 99% used [0x00000000eb200000,0x00000000ebe7a2f0,0x00000000ebe80000)
  to   space 17920K, 0% used [0x00000000f0d00000,0x00000000f0d00000,0x00000000f1e80000)
 ParOldGen       total 64512K, used 24741K [0x00000000a0000000, 0x00000000a3f00000, 0x00000000e0000000)
  object space 64512K, 38% used [0x00000000a0000000,0x00000000a18297e8,0x00000000a3f00000)
 Metaspace       used 51300K, capacity 52870K, committed 52992K, reserved 1095680K
  class space    used 6978K, capacity 7378K, committed 7424K, reserved 1048576K
}

