# JRE version: OpenJDK Runtime Environment (8.0_212-b04) (build 1.8.0_212-release-1586-b04)
# Java VM: OpenJDK 64-Bit Server VM (25.212-b04 mixed mode windows-amd64 compressed oops)
Heap:
 PSYoungGen      total 243200K, used 184435K [0x00000000e0000000, 0x00000000f0280000, 0x0000000100000000)
  eden space 228864K, 80% used [0x00000000e0000000,0x00000000eb41cf58,0x00000000edf80000)
  from space 14336K, 0% used [0x00000000ef480000,0x00000000ef480000,0x00000000f0280000)
  to   space 17920K, 0% used [0x00000000edf80000,0x00000000edf80000,0x00000000ef100000)
 ParOldGen       total 70656K, used 35768K [0x00000000a0000000, 0x00000000a4500000, 0x00000000e0000000)
  object space 70656K, 50% used [0x00000000a0000000,0x00000000a22ee000,0x00000000a4500000)
 Metaspace       used 64736K, capacity 67450K, committed 67544K, reserved 1107968K
  class space    used 8793K, capacity 9345K, committed 9432K, reserved 1048576K
GC Heap History (10 events):
Event: 8.973 GC heap before
{Heap before GC invocations=11 (full 1):
 PSYoungGen      total 133120K, used 22778K [0x00000000e0000000, 0x00000000ec780000, 0x0000000100000000)
  eden space 121856K, 9% used [0x00000000e0000000,0x00000000e0b3f388,0x00000000e7700000)
  from space 11264K, 99% used [0x00000000e7700000,0x00000000e81ff820,0x00000000e8200000)
  to   space 12800K, 0% used [0x00000000ebb00000,0x00000000ebb00000,0x00000000ec780000)
 ParOldGen       total 47104K, used 8419K [0x00000000a0000000, 0x00000000a2e00000, 0x00000000e0000000)
  object space 47104K, 17% used [0x00000000a0000000,0x00000000a0838d08,0x00000000a2e00000)
 Metaspace       used 34609K, capacity 35376K, committed 35456K, reserved 1079296K
  class space    used 4745K, capacity 4971K, committed 4992K, reserved 1048576K
Event: 8.981 GC heap after
Heap after GC invocations=11 (full 1):
 PSYoungGen      total 191488K, used 4800K [0x00000000e0000000, 0x00000000ece00000, 0x0000000100000000)
  eden space 178688K, 0% used [0x00000000e0000000,0x00000000e0000000,0x00000000eae80000)
  from space 12800K, 37% used [0x00000000ebb00000,0x00000000ebfb0000,0x00000000ec780000)
  to   space 12800K, 0% used [0x00000000eae80000,0x00000000eae80000,0x00000000ebb00000)
 ParOldGen       total 47104K, used 12059K [0x00000000a0000000, 0x00000000a2e00000, 0x00000000e0000000)
  object space 47104K, 25% used [0x00000000a0000000,0x00000000a0bc6d28,0x00000000a2e00000)
 Metaspace       used 34609K, capacity 35376K, committed 35456K, reserved 1079296K
  class space    used 4745K, capacity 4971K, committed 4992K, reserved 1048576K
}
Event: 8.981 GC heap before
{Heap before GC invocations=12 (full 2):
 PSYoungGen      total 191488K, used 4800K [0x00000000e0000000, 0x00000000ece00000, 0x0000000100000000)
  eden space 178688K, 0% used [0x00000000e0000000,0x00000000e0000000,0x00000000eae80000)
  from space 12800K, 37% used [0x00000000ebb00000,0x00000000ebfb0000,0x00000000ec780000)
  to   space 12800K, 0% used [0x00000000eae80000,0x00000000eae80000,0x00000000ebb00000)
 ParOldGen       total 47104K, used 12059K [0x00000000a0000000, 0x00000000a2e00000, 0x00000000e0000000)
  object space 47104K, 25% used [0x00000000a0000000,0x00000000a0bc6d28,0x00000000a2e00000)
 Metaspace       used 34609K, capacity 35376K, committed 35456K, reserved 1079296K
  class space    used 4745K, capacity 4971K, committed 4992K, reserved 1048576K
Event: 9.127 GC heap after
Heap after GC invocations=12 (full 2):
 PSYoungGen      total 191488K, used 0K [0x00000000e0000000, 0x00000000ece00000, 0x0000000100000000)
  eden space 178688K, 0% used [0x00000000e0000000,0x00000000e0000000,0x00000000eae80000)
  from space 12800K, 0% used [0x00000000ebb00000,0x00000000ebb00000,0x00000000ec780000)
  to   space 12800K, 0% used [0x00000000eae80000,0x00000000eae80000,0x00000000ebb00000)
 ParOldGen       total 70656K, used 15309K [0x00000000a0000000, 0x00000000a4500000, 0x00000000e0000000)
  object space 70656K, 21% used [0x00000000a0000000,0x00000000a0ef3790,0x00000000a4500000)
 Metaspace       used 34584K, capacity 35292K, committed 35456K, reserved 1079296K
  class space    used 4737K, capacity 4957K, committed 4992K, reserved 1048576K
}
Event: 11.519 GC heap before
{Heap before GC invocations=13 (full 2):
 PSYoungGen      total 191488K, used 178688K [0x00000000e0000000, 0x00000000ece00000, 0x0000000100000000)
  eden space 178688K, 100% used [0x00000000e0000000,0x00000000eae80000,0x00000000eae80000)
  from space 12800K, 0% used [0x00000000ebb00000,0x00000000ebb00000,0x00000000ec780000)
  to   space 12800K, 0% used [0x00000000eae80000,0x00000000eae80000,0x00000000ebb00000)
 ParOldGen       total 70656K, used 15309K [0x00000000a0000000, 0x00000000a4500000, 0x00000000e0000000)
  object space 70656K, 21% used [0x00000000a0000000,0x00000000a0ef3790,0x00000000a4500000)
 Metaspace       used 51025K, capacity 52608K, committed 52736K, reserved 1095680K
  class space    used 6941K, capacity 7339K, committed 7424K, reserved 1048576K
Event: 11.537 GC heap after
Heap after GC invocations=13 (full 2):
 PSYoungGen      total 191488K, used 12773K [0x00000000e0000000, 0x00000000f0600000, 0x0000000100000000)
  eden space 178688K, 0% used [0x00000000e0000000,0x00000000e0000000,0x00000000eae80000)
  from space 12800K, 99% used [0x00000000eae80000,0x00000000ebaf9680,0x00000000ebb00000)
  to   space 17920K, 0% used [0x00000000ef480000,0x00000000ef480000,0x00000000f0600000)
 ParOldGen       total 70656K, used 24468K [0x00000000a0000000, 0x00000000a4500000, 0x00000000e0000000)
  object space 70656K, 34% used [0x00000000a0000000,0x00000000a17e5148,0x00000000a4500000)
 Metaspace       used 51025K, capacity 52608K, committed 52736K, reserved 1095680K
  class space    used 6941K, capacity 7339K, committed 7424K, reserved 1048576K
}
Event: 13.275 GC heap before
{Heap before GC invocations=14 (full 2):
 PSYoungGen      total 191488K, used 121687K [0x00000000e0000000, 0x00000000f0600000, 0x0000000100000000)
  eden space 178688K, 60% used [0x00000000e0000000,0x00000000e6a5c638,0x00000000eae80000)
  from space 12800K, 99% used [0x00000000eae80000,0x00000000ebaf9680,0x00000000ebb00000)
  to   space 17920K, 0% used [0x00000000ef480000,0x00000000ef480000,0x00000000f0600000)
 ParOldGen       total 70656K, used 24468K [0x00000000a0000000, 0x00000000a4500000, 0x00000000e0000000)
  object space 70656K, 34% used [0x00000000a0000000,0x00000000a17e5148,0x00000000a4500000)
 Metaspace       used 57124K, capacity 58984K, committed 59096K, reserved 1099776K
  class space    used 7870K, capacity 8342K, committed 8408K, reserved 1048576K
Event: 13.300 GC heap after
Heap after GC invocations=14 (full 2):
 PSYoungGen      total 243200K, used 10619K [0x00000000e0000000, 0x00000000f0280000, 0x0000000100000000)
  eden space 228864K, 0% used [0x00000000e0000000,0x00000000e0000000,0x00000000edf80000)
  from space 14336K, 74% used [0x00000000ef480000,0x00000000efedec60,0x00000000f0280000)
  to   space 17920K, 0% used [0x00000000edf80000,0x00000000edf80000,0x00000000ef100000)
 ParOldGen       total 70656K, used 35369K [0x00000000a0000000, 0x00000000a4500000, 0x00000000e0000000)
  object space 70656K, 50% used [0x00000000a0000000,0x00000000a228a598,0x00000000a4500000)
 Metaspace       used 57124K, capacity 58984K, committed 59096K, reserved 1099776K
  class space    used 7870K, capacity 8342K, committed 8408K, reserved 1048576K
}
Event: 13.300 GC heap before
{Heap before GC invocations=15 (full 3):
 PSYoungGen      total 243200K, used 10619K [0x00000000e0000000, 0x00000000f0280000, 0x0000000100000000)
  eden space 228864K, 0% used [0x00000000e0000000,0x00000000e0000000,0x00000000edf80000)
  from space 14336K, 74% used [0x00000000ef480000,0x00000000efedec60,0x00000000f0280000)
  to   space 17920K, 0% used [0x00000000edf80000,0x00000000edf80000,0x00000000ef100000)
 ParOldGen       total 70656K, used 35369K [0x00000000a0000000, 0x00000000a4500000, 0x00000000e0000000)
  object space 70656K, 50% used [0x00000000a0000000,0x00000000a228a598,0x00000000a4500000)
 Metaspace       used 57124K, capacity 58984K, committed 59096K, reserved 1099776K
  class space    used 7870K, capacity 8342K, committed 8408K, reserved 1048576K
Event: 13.590 GC heap after
Heap after GC invocations=15 (full 3):
 PSYoungGen      total 243200K, used 0K [0x00000000e0000000, 0x00000000f0280000, 0x0000000100000000)
  eden space 228864K, 0% used [0x00000000e0000000,0x00000000e0000000,0x00000000edf80000)
  from space 14336K, 0% used [0x00000000ef480000,0x00000000ef480000,0x00000000f0280000)
  to   space 17920K, 0% used [0x00000000edf80000,0x00000000edf80000,0x00000000ef100000)
 ParOldGen       total 70656K, used 35768K [0x00000000a0000000, 0x00000000a4500000, 0x00000000e0000000)
  object space 70656K, 50% used [0x00000000a0000000,0x00000000a22ee000,0x00000000a4500000)
 Metaspace       used 57124K, capacity 58984K, committed 59096K, reserved 1099776K
  class space    used 7870K, capacity 8342K, committed 8408K, reserved 1048576K
}

